<?xml version="1.0" encoding="UTF-8"?>
<testsuite name="com.johan.springboot.chapter1.web.dto.HelloResponseDtoTest" tests="1" skipped="0" failures="0" errors="0" timestamp="2022-07-06T09:20:33" hostname="DESKTOP-6HOFO0M" time="0.004">
  <properties/>
  <testcase name="lombokTest" classname="com.johan.springboot.chapter1.web.dto.HelloResponseDtoTest" time="0.004"/>
  <system-out><![CDATA[test
]]></system-out>
  <system-err><![CDATA[]]></system-err>
</testsuite>
