<?xml version="1.0" encoding="UTF-8"?>
<testsuite name="com.johan.springboot.chapter1.web.domain.posts.PostsRepositoryTest" tests="1" skipped="0" failures="0" errors="0" timestamp="2022-07-07T08:12:49" hostname="DESKTOP-6HOFO0M" time="0.405">
  <properties/>
  <testcase name="savedPostLoad" classname="com.johan.springboot.chapter1.web.domain.posts.PostsRepositoryTest" time="0.405"/>
  <system-out><![CDATA[17:12:45.429 [Test worker] DEBUG org.springframework.test.context.junit4.SpringJUnit4ClassRunner - SpringJUnit4ClassRunner constructor called with [class com.johan.springboot.chapter1.web.domain.posts.PostsRepositoryTest]
17:12:45.435 [Test worker] DEBUG org.springframework.test.context.BootstrapUtils - Instantiating CacheAwareContextLoaderDelegate from class [org.springframework.test.context.cache.DefaultCacheAwareContextLoaderDelegate]
17:12:45.443 [Test worker] DEBUG org.springframework.test.context.BootstrapUtils - Instantiating BootstrapContext using constructor [public org.springframework.test.context.support.DefaultBootstrapContext(java.lang.Class,org.springframework.test.context.CacheAwareContextLoaderDelegate)]
17:12:45.460 [Test worker] DEBUG org.springframework.test.context.BootstrapUtils - Instantiating TestContextBootstrapper for test class [com.johan.springboot.chapter1.web.domain.posts.PostsRepositoryTest] from class [org.springframework.boot.test.context.SpringBootTestContextBootstrapper]
17:12:45.470 [Test worker] INFO org.springframework.boot.test.context.SpringBootTestContextBootstrapper - Neither @ContextConfiguration nor @ContextHierarchy found for test class [com.johan.springboot.chapter1.web.domain.posts.PostsRepositoryTest], using SpringBootContextLoader
17:12:45.473 [Test worker] DEBUG org.springframework.test.context.support.AbstractContextLoader - Did not detect default resource location for test class [com.johan.springboot.chapter1.web.domain.posts.PostsRepositoryTest]: class path resource [com/johan/springboot/chapter1/web/domain/posts/PostsRepositoryTest-context.xml] does not exist
17:12:45.473 [Test worker] DEBUG org.springframework.test.context.support.AbstractContextLoader - Did not detect default resource location for test class [com.johan.springboot.chapter1.web.domain.posts.PostsRepositoryTest]: class path resource [com/johan/springboot/chapter1/web/domain/posts/PostsRepositoryTestContext.groovy] does not exist
17:12:45.473 [Test worker] INFO org.springframework.test.context.support.AbstractContextLoader - Could not detect default resource locations for test class [com.johan.springboot.chapter1.web.domain.posts.PostsRepositoryTest]: no resource found for suffixes {-context.xml, Context.groovy}.
17:12:45.474 [Test worker] INFO org.springframework.test.context.support.AnnotationConfigContextLoaderUtils - Could not detect default configuration classes for test class [com.johan.springboot.chapter1.web.domain.posts.PostsRepositoryTest]: PostsRepositoryTest does not declare any static, non-private, non-final, nested classes annotated with @Configuration.
17:12:45.502 [Test worker] DEBUG org.springframework.test.context.support.ActiveProfilesUtils - Could not find an 'annotation declaring class' for annotation type [org.springframework.test.context.ActiveProfiles] and class [com.johan.springboot.chapter1.web.domain.posts.PostsRepositoryTest]
17:12:45.575 [Test worker] DEBUG org.springframework.context.annotation.ClassPathScanningCandidateComponentProvider - Identified candidate component class: file [D:\springStudy\springboot-study1\build\classes\java\main\com\johan\springboot\chapter1\Application.class]
17:12:45.576 [Test worker] INFO org.springframework.boot.test.context.SpringBootTestContextBootstrapper - Found @SpringBootConfiguration com.johan.springboot.chapter1.Application for test class com.johan.springboot.chapter1.web.domain.posts.PostsRepositoryTest
17:12:45.641 [Test worker] DEBUG org.springframework.boot.test.context.SpringBootTestContextBootstrapper - @TestExecutionListeners is not present for class [com.johan.springboot.chapter1.web.domain.posts.PostsRepositoryTest]: using defaults.
17:12:45.641 [Test worker] INFO org.springframework.boot.test.context.SpringBootTestContextBootstrapper - Loaded default TestExecutionListener class names from location [META-INF/spring.factories]: [org.springframework.boot.test.autoconfigure.restdocs.RestDocsTestExecutionListener, org.springframework.boot.test.autoconfigure.web.client.MockRestServiceServerResetTestExecutionListener, org.springframework.boot.test.autoconfigure.web.servlet.MockMvcPrintOnlyOnFailureTestExecutionListener, org.springframework.boot.test.autoconfigure.web.servlet.WebDriverTestExecutionListener, org.springframework.boot.test.mock.mockito.MockitoTestExecutionListener, org.springframework.boot.test.mock.mockito.ResetMocksTestExecutionListener, org.springframework.test.context.web.ServletTestExecutionListener, org.springframework.test.context.support.DirtiesContextBeforeModesTestExecutionListener, org.springframework.test.context.support.DependencyInjectionTestExecutionListener, org.springframework.test.context.support.DirtiesContextTestExecutionListener, org.springframework.test.context.transaction.TransactionalTestExecutionListener, org.springframework.test.context.jdbc.SqlScriptsTestExecutionListener]
17:12:45.655 [Test worker] INFO org.springframework.boot.test.context.SpringBootTestContextBootstrapper - Using TestExecutionListeners: [org.springframework.test.context.web.ServletTestExecutionListener@1babbec8, org.springframework.test.context.support.DirtiesContextBeforeModesTestExecutionListener@3580edd2, org.springframework.boot.test.mock.mockito.MockitoTestExecutionListener@61f36286, org.springframework.boot.test.autoconfigure.SpringBootDependencyInjectionTestExecutionListener@1f033157, org.springframework.test.context.support.DirtiesContextTestExecutionListener@59188181, org.springframework.test.context.transaction.TransactionalTestExecutionListener@6b44090d, org.springframework.test.context.jdbc.SqlScriptsTestExecutionListener@1159b1b1, org.springframework.boot.test.autoconfigure.restdocs.RestDocsTestExecutionListener@1756a344, org.springframework.boot.test.autoconfigure.web.client.MockRestServiceServerResetTestExecutionListener@a5f3ca6, org.springframework.boot.test.autoconfigure.web.servlet.MockMvcPrintOnlyOnFailureTestExecutionListener@41185081, org.springframework.boot.test.autoconfigure.web.servlet.WebDriverTestExecutionListener@1d90b52a, org.springframework.boot.test.mock.mockito.ResetMocksTestExecutionListener@3f7e795f]
17:12:45.657 [Test worker] DEBUG org.springframework.test.annotation.ProfileValueUtils - Retrieved @ProfileValueSourceConfiguration [null] for test class [com.johan.springboot.chapter1.web.domain.posts.PostsRepositoryTest]
17:12:45.657 [Test worker] DEBUG org.springframework.test.annotation.ProfileValueUtils - Retrieved ProfileValueSource type [class org.springframework.test.annotation.SystemProfileValueSource] for class [com.johan.springboot.chapter1.web.domain.posts.PostsRepositoryTest]
17:12:45.660 [Test worker] DEBUG org.springframework.test.annotation.ProfileValueUtils - Retrieved @ProfileValueSourceConfiguration [null] for test class [com.johan.springboot.chapter1.web.domain.posts.PostsRepositoryTest]
17:12:45.660 [Test worker] DEBUG org.springframework.test.annotation.ProfileValueUtils - Retrieved ProfileValueSource type [class org.springframework.test.annotation.SystemProfileValueSource] for class [com.johan.springboot.chapter1.web.domain.posts.PostsRepositoryTest]
17:12:45.660 [Test worker] DEBUG org.springframework.test.annotation.ProfileValueUtils - Retrieved @ProfileValueSourceConfiguration [null] for test class [com.johan.springboot.chapter1.web.domain.posts.PostsRepositoryTest]
17:12:45.660 [Test worker] DEBUG org.springframework.test.annotation.ProfileValueUtils - Retrieved ProfileValueSource type [class org.springframework.test.annotation.SystemProfileValueSource] for class [com.johan.springboot.chapter1.web.domain.posts.PostsRepositoryTest]
17:12:45.663 [Test worker] DEBUG org.springframework.test.context.support.AbstractDirtiesContextTestExecutionListener - Before test class: context [DefaultTestContext@61381f17 testClass = PostsRepositoryTest, testInstance = [null], testMethod = [null], testException = [null], mergedContextConfiguration = [WebMergedContextConfiguration@66652929 testClass = PostsRepositoryTest, locations = '{}', classes = '{class com.johan.springboot.chapter1.Application}', contextInitializerClasses = '[]', activeProfiles = '{}', propertySourceLocations = '{}', propertySourceProperties = '{org.springframework.boot.test.context.SpringBootTestContextBootstrapper=true}', contextCustomizers = set[org.springframework.boot.test.autoconfigure.properties.PropertyMappingContextCustomizer@0, org.springframework.boot.test.autoconfigure.web.servlet.WebDriverContextCustomizerFactory$Customizer@4509beaf, org.springframework.boot.test.context.filter.ExcludeFilterContextCustomizer@2b268f7d, org.springframework.boot.test.json.DuplicateJsonObjectContextCustomizerFactory$DuplicateJsonObjectContextCustomizer@e9510c8, org.springframework.boot.test.mock.mockito.MockitoContextCustomizer@0, org.springframework.boot.test.web.client.TestRestTemplateContextCustomizer@4d4c5ae9], resourceBasePath = 'src/main/webapp', contextLoader = 'org.springframework.boot.test.context.SpringBootContextLoader', parent = [null]], attributes = map['org.springframework.test.context.web.ServletTestExecutionListener.activateListener' -> true]], class annotated with @DirtiesContext [false] with mode [null].
17:12:45.663 [Test worker] DEBUG org.springframework.test.annotation.ProfileValueUtils - Retrieved @ProfileValueSourceConfiguration [null] for test class [com.johan.springboot.chapter1.web.domain.posts.PostsRepositoryTest]
17:12:45.663 [Test worker] DEBUG org.springframework.test.annotation.ProfileValueUtils - Retrieved ProfileValueSource type [class org.springframework.test.annotation.SystemProfileValueSource] for class [com.johan.springboot.chapter1.web.domain.posts.PostsRepositoryTest]
17:12:45.680 [Test worker] DEBUG org.springframework.test.context.support.TestPropertySourceUtils - Adding inlined properties to environment: {spring.jmx.enabled=false, org.springframework.boot.test.context.SpringBootTestContextBootstrapper=true, server.port=-1}

  .   ____          _            __ _ _
 /\\ / ___'_ __ _ _(_)_ __  __ _ \ \ \ \
( ( )\___ | '_ | '_| | '_ \/ _` | \ \ \ \
 \\/  ___)| |_)| | | | | || (_| |  ) ) ) )
  '  |____| .__|_| |_|_| |_\__, | / / / /
 =========|_|==============|___/=/_/_/_/
 :: Spring Boot ::        (v2.1.7.RELEASE)

2022-07-07 17:12:45.855  INFO 22396 --- [    Test worker] c.j.s.c.w.d.posts.PostsRepositoryTest    : Starting PostsRepositoryTest on DESKTOP-6HOFO0M with PID 22396 (started by Johan in D:\springStudy\springboot-study1)
2022-07-07 17:12:45.856  INFO 22396 --- [    Test worker] c.j.s.c.w.d.posts.PostsRepositoryTest    : No active profile set, falling back to default profiles: default
2022-07-07 17:12:46.375  INFO 22396 --- [    Test worker] .s.d.r.c.RepositoryConfigurationDelegate : Bootstrapping Spring Data repositories in DEFAULT mode.
2022-07-07 17:12:46.440  INFO 22396 --- [    Test worker] .s.d.r.c.RepositoryConfigurationDelegate : Finished Spring Data repository scanning in 55ms. Found 1 repository interfaces.
2022-07-07 17:12:46.748  INFO 22396 --- [    Test worker] trationDelegate$BeanPostProcessorChecker : Bean 'org.springframework.transaction.annotation.ProxyTransactionManagementConfiguration' of type [org.springframework.transaction.annotation.ProxyTransactionManagementConfiguration$$EnhancerBySpringCGLIB$$2a6d652b] is not eligible for getting processed by all BeanPostProcessors (for example: not eligible for auto-proxying)
2022-07-07 17:12:46.919  INFO 22396 --- [    Test worker] com.zaxxer.hikari.HikariDataSource       : HikariPool-1 - Starting...
2022-07-07 17:12:47.067  INFO 22396 --- [    Test worker] com.zaxxer.hikari.HikariDataSource       : HikariPool-1 - Start completed.
2022-07-07 17:12:47.129  INFO 22396 --- [    Test worker] o.hibernate.jpa.internal.util.LogHelper  : HHH000204: Processing PersistenceUnitInfo [
	name: default
	...]
2022-07-07 17:12:47.178  INFO 22396 --- [    Test worker] org.hibernate.Version                    : HHH000412: Hibernate Core {5.3.10.Final}
2022-07-07 17:12:47.179  INFO 22396 --- [    Test worker] org.hibernate.cfg.Environment            : HHH000206: hibernate.properties not found
2022-07-07 17:12:47.294  INFO 22396 --- [    Test worker] o.hibernate.annotations.common.Version   : HCANN000001: Hibernate Commons Annotations {5.0.4.Final}
2022-07-07 17:12:47.420  INFO 22396 --- [    Test worker] org.hibernate.dialect.Dialect            : HHH000400: Using dialect: org.hibernate.dialect.MySQL5InnoDBDialect
Hibernate: drop table if exists posts
Hibernate: create table posts (id bigint not null auto_increment, author varchar(255), content TEXT not null, title varchar(500) not null, primary key (id)) engine=InnoDB
2022-07-07 17:12:47.867  INFO 22396 --- [    Test worker] o.h.t.schema.internal.SchemaCreatorImpl  : HHH000476: Executing import script 'org.hibernate.tool.schema.internal.exec.ScriptSourceInputNonExistentImpl@2b4977b'
2022-07-07 17:12:47.870  INFO 22396 --- [    Test worker] j.LocalContainerEntityManagerFactoryBean : Initialized JPA EntityManagerFactory for persistence unit 'default'
2022-07-07 17:12:48.606  INFO 22396 --- [    Test worker] o.s.s.concurrent.ThreadPoolTaskExecutor  : Initializing ExecutorService 'applicationTaskExecutor'
2022-07-07 17:12:48.667  WARN 22396 --- [    Test worker] aWebConfiguration$JpaWebMvcConfiguration : spring.jpa.open-in-view is enabled by default. Therefore, database queries may be performed during view rendering. Explicitly configure spring.jpa.open-in-view to disable this warning
2022-07-07 17:12:49.017  INFO 22396 --- [    Test worker] c.j.s.c.w.d.posts.PostsRepositoryTest    : Started PostsRepositoryTest in 3.331 seconds (JVM running for 4.666)
Hibernate: insert into posts (author, content, title) values (?, ?, ?)
2022-07-07 17:12:49.296  INFO 22396 --- [    Test worker] o.h.h.i.QueryTranslatorFactoryInitiator  : HHH000397: Using ASTQueryTranslatorFactory
Hibernate: select posts0_.id as id1_0_, posts0_.author as author2_0_, posts0_.content as content3_0_, posts0_.title as title4_0_ from posts posts0_
Hibernate: select posts0_.id as id1_0_, posts0_.author as author2_0_, posts0_.content as content3_0_, posts0_.title as title4_0_ from posts posts0_
Hibernate: delete from posts where id=?
]]></system-out>
  <system-err><![CDATA[]]></system-err>
</testsuite>
